2013-08-20 09:28:39,688 - [INFO] - from play in main 
Listening for HTTP on /0:0:0:0:0:0:0:0:9000

2013-08-20 09:29:00,048 - [INFO] - from play in play-internal-execution-context-1 
database [default] connected at jdbc:h2:mem:play

2013-08-20 09:29:00,153 - [ERROR] - from application in New I/O worker #1 


! @6fbc7jpc8 - Internal server error, for (GET) [/computers] ->

play.api.db.evolutions.InvalidDatabaseRevision: Database 'default' needs evolution![An SQL script need to be run on your database.]
	at play.api.db.evolutions.EvolutionsPlugin$$anonfun$onStart$1$$anonfun$apply$1.apply$mcV$sp(Evolutions.scala:462) ~[play-jdbc_2.10.jar:2.1.3]
	at play.api.db.evolutions.EvolutionsPlugin.withLock(Evolutions.scala:483) ~[play-jdbc_2.10.jar:2.1.3]
	at play.api.db.evolutions.EvolutionsPlugin$$anonfun$onStart$1.apply(Evolutions.scala:439) ~[play-jdbc_2.10.jar:2.1.3]
	at play.api.db.evolutions.EvolutionsPlugin$$anonfun$onStart$1.apply(Evolutions.scala:437) ~[play-jdbc_2.10.jar:2.1.3]
	at scala.collection.immutable.List.foreach(List.scala:309) ~[scala-library.jar:na]
	at play.api.db.evolutions.EvolutionsPlugin.onStart(Evolutions.scala:437) ~[play-jdbc_2.10.jar:2.1.3]
	at play.api.Play$$anonfun$start$1$$anonfun$apply$mcV$sp$1.apply(Play.scala:68) ~[play_2.10.jar:2.1.3]
	at play.api.Play$$anonfun$start$1$$anonfun$apply$mcV$sp$1.apply(Play.scala:68) ~[play_2.10.jar:2.1.3]
	at scala.collection.immutable.List.foreach(List.scala:309) ~[scala-library.jar:na]
	at play.api.Play$$anonfun$start$1.apply$mcV$sp(Play.scala:68) ~[play_2.10.jar:2.1.3]
	at play.api.Play$$anonfun$start$1.apply(Play.scala:68) ~[play_2.10.jar:2.1.3]
	at play.api.Play$$anonfun$start$1.apply(Play.scala:68) ~[play_2.10.jar:2.1.3]
	at play.utils.Threads$.withContextClassLoader(Threads.scala:18) ~[play_2.10.jar:2.1.3]
	at play.api.Play$.start(Play.scala:67) ~[play_2.10.jar:2.1.3]
	at play.core.ReloadableApplication$$anonfun$get$1$$anonfun$apply$1$$anonfun$1.apply(ApplicationProvider.scala:141) ~[play_2.10.jar:2.1.3]
	at play.core.ReloadableApplication$$anonfun$get$1$$anonfun$apply$1$$anonfun$1.apply(ApplicationProvider.scala:114) ~[play_2.10.jar:2.1.3]
	at scala.Option.map(Option.scala:145) ~[scala-library.jar:na]
	at play.core.ReloadableApplication$$anonfun$get$1$$anonfun$apply$1.apply(ApplicationProvider.scala:114) ~[play_2.10.jar:2.1.3]
	at play.core.ReloadableApplication$$anonfun$get$1$$anonfun$apply$1.apply(ApplicationProvider.scala:112) ~[play_2.10.jar:2.1.3]
	at scala.util.Either$RightProjection.flatMap(Either.scala:523) ~[scala-library.jar:na]
	at play.core.ReloadableApplication$$anonfun$get$1.apply(ApplicationProvider.scala:112) ~[play_2.10.jar:2.1.3]
	at play.core.ReloadableApplication$$anonfun$get$1.apply(ApplicationProvider.scala:104) ~[play_2.10.jar:2.1.3]
	at scala.concurrent.impl.Future$PromiseCompletingRunnable.liftedTree1$1(Future.scala:24) ~[scala-library.jar:na]
	at scala.concurrent.impl.Future$PromiseCompletingRunnable.run(Future.scala:24) ~[scala-library.jar:na]
	at java.util.concurrent.ThreadPoolExecutor.runWorker(ThreadPoolExecutor.java:1145) ~[na:1.7.0_25]
	at java.util.concurrent.ThreadPoolExecutor$Worker.run(ThreadPoolExecutor.java:615) ~[na:1.7.0_25]
	at java.lang.Thread.run(Thread.java:724) ~[na:1.7.0_25]

2013-08-20 09:29:04,067 - [INFO] - from play in play-internal-execution-context-2 
database [default] connected at jdbc:h2:mem:play

2013-08-20 09:29:04,094 - [INFO] - from play in play-internal-execution-context-2 
Application started (Dev)

2013-08-20 09:29:35,592 - [ERROR] - from play in play-internal-execution-context-1 
Cannot invoke the action, eventually got an error: org.h2.jdbc.JdbcSQLException: Niezgodna ilosc kolumn
Column count does not match; SQL statement:
insert into computer values (             (select next value for computer_seq),            ?,?,?,?,?,?,?           ) [21002-168]

2013-08-20 09:29:35,617 - [ERROR] - from application in play-internal-execution-context-1 


! @6fbc7lpoh - Internal server error, for (POST) [/computers] ->

play.api.Application$$anon$1: Execution exception[[JdbcSQLException: Niezgodna ilosc kolumn
Column count does not match; SQL statement:
insert into computer values (             (select next value for computer_seq),            ?,?,?,?,?,?,?           ) [21002-168]]]
	at play.api.Application$class.handleError(Application.scala:289) ~[play_2.10.jar:2.1.3]
	at play.api.DefaultApplication.handleError(Application.scala:383) ~[play_2.10.jar:2.1.3]
	at play.core.server.netty.PlayDefaultUpstreamHandler$$anonfun$handleAction$1$2$$anonfun$apply$21.apply(PlayDefaultUpstreamHandler.scala:415) ~[play_2.10.jar:2.1.3]
	at play.core.server.netty.PlayDefaultUpstreamHandler$$anonfun$handleAction$1$2$$anonfun$apply$21.apply(PlayDefaultUpstreamHandler.scala:415) ~[play_2.10.jar:2.1.3]
	at scala.Option.map(Option.scala:145) ~[scala-library.jar:na]
	at play.core.server.netty.PlayDefaultUpstreamHandler$$anonfun$handleAction$1$2.apply(PlayDefaultUpstreamHandler.scala:415) ~[play_2.10.jar:2.1.3]
	at play.core.server.netty.PlayDefaultUpstreamHandler$$anonfun$handleAction$1$2.apply(PlayDefaultUpstreamHandler.scala:410) ~[play_2.10.jar:2.1.3]
	at play.api.libs.concurrent.PlayPromise$$anonfun$extend1$1.apply(Promise.scala:113) ~[play_2.10.jar:2.1.3]
	at play.api.libs.concurrent.PlayPromise$$anonfun$extend1$1.apply(Promise.scala:113) ~[play_2.10.jar:2.1.3]
	at play.api.libs.concurrent.PlayPromise$$anonfun$extend$1$$anonfun$apply$1.apply(Promise.scala:104) ~[play_2.10.jar:2.1.3]
	at scala.concurrent.impl.Future$PromiseCompletingRunnable.liftedTree1$1(Future.scala:24) ~[scala-library.jar:na]
	at scala.concurrent.impl.Future$PromiseCompletingRunnable.run(Future.scala:24) ~[scala-library.jar:na]
	at java.util.concurrent.ThreadPoolExecutor.runWorker(ThreadPoolExecutor.java:1145) ~[na:1.7.0_25]
	at java.util.concurrent.ThreadPoolExecutor$Worker.run(ThreadPoolExecutor.java:615) ~[na:1.7.0_25]
	at java.lang.Thread.run(Thread.java:724) ~[na:1.7.0_25]
org.h2.jdbc.JdbcSQLException: Niezgodna ilosc kolumn
Column count does not match; SQL statement:
insert into computer values (             (select next value for computer_seq),            ?,?,?,?,?,?,?           ) [21002-168]
	at org.h2.message.DbException.getJdbcSQLException(DbException.java:329) ~[h2.jar:1.3.168]
	at org.h2.message.DbException.get(DbException.java:169) ~[h2.jar:1.3.168]
	at org.h2.message.DbException.get(DbException.java:146) ~[h2.jar:1.3.168]
	at org.h2.message.DbException.get(DbException.java:135) ~[h2.jar:1.3.168]
	at org.h2.command.dml.Insert.prepare(Insert.java:226) ~[h2.jar:1.3.168]
	at org.h2.command.Parser.prepareCommand(Parser.java:218) ~[h2.jar:1.3.168]
	at org.h2.engine.Session.prepareLocal(Session.java:415) ~[h2.jar:1.3.168]
	at org.h2.engine.Session.prepareCommand(Session.java:364) ~[h2.jar:1.3.168]
	at org.h2.jdbc.JdbcConnection.prepareCommand(JdbcConnection.java:1109) ~[h2.jar:1.3.168]
	at org.h2.jdbc.JdbcPreparedStatement.<init>(JdbcPreparedStatement.java:74) ~[h2.jar:1.3.168]
	at org.h2.jdbc.JdbcConnection.prepareStatement(JdbcConnection.java:264) ~[h2.jar:1.3.168]
	at com.jolbox.bonecp.ConnectionHandle.prepareStatement(ConnectionHandle.java:820) ~[bonecp.jar:0.7.1.RELEASE]
	at play.api.db.AutoCleanConnection$$anonfun$prepareStatement$1.apply(DB.scala:455) ~[play-jdbc_2.10.jar:2.1.3]
	at play.api.db.AutoCleanConnection$$anonfun$prepareStatement$1.apply(DB.scala:455) ~[play-jdbc_2.10.jar:2.1.3]
	at play.api.db.AutoCleanConnection.registering(DB.scala:440) ~[play-jdbc_2.10.jar:2.1.3]
	at play.api.db.AutoCleanConnection.prepareStatement(DB.scala:455) ~[play-jdbc_2.10.jar:2.1.3]
	at anorm.SimpleSql.getFilledStatement(Anorm.scala:389) ~[anorm_2.10.jar:2.1.3]
	at anorm.Sql$class.executeUpdate(Anorm.scala:471) ~[anorm_2.10.jar:2.1.3]
	at anorm.SimpleSql.executeUpdate(Anorm.scala:370) ~[anorm_2.10.jar:2.1.3]
	at models.Computer$$anonfun$insert$1.apply(Models.scala:148) ~[na:na]
	at models.Computer$$anonfun$insert$1.apply(Models.scala:133) ~[na:na]
	at play.api.db.DBApi$class.withConnection(DB.scala:82) ~[play-jdbc_2.10.jar:2.1.3]
	at play.api.db.BoneCPApi.withConnection(DB.scala:275) ~[play-jdbc_2.10.jar:2.1.3]
	at play.api.db.DB$$anonfun$withConnection$3.apply(DB.scala:161) ~[play-jdbc_2.10.jar:2.1.3]
	at play.api.db.DB$$anonfun$withConnection$3.apply(DB.scala:161) ~[play-jdbc_2.10.jar:2.1.3]
	at scala.Option.map(Option.scala:145) ~[scala-library.jar:na]
	at play.api.db.DB$.withConnection(DB.scala:161) ~[play-jdbc_2.10.jar:2.1.3]
	at models.Computer$.insert(Models.scala:133) ~[na:na]
	at controllers.Application$$anonfun$save$1$$anonfun$apply$6.apply(Application.scala:99) ~[na:na]
	at controllers.Application$$anonfun$save$1$$anonfun$apply$6.apply(Application.scala:98) ~[na:na]
	at play.api.data.Form$$anonfun$fold$1.apply(Form.scala:134) ~[play_2.10.jar:2.1.3]
	at scala.Option.map(Option.scala:145) ~[scala-library.jar:na]
	at play.api.data.Form.fold(Form.scala:134) ~[play_2.10.jar:2.1.3]
	at controllers.Application$$anonfun$save$1.apply(Application.scala:96) ~[na:na]
	at controllers.Application$$anonfun$save$1.apply(Application.scala:95) ~[na:na]
	at play.api.mvc.ActionBuilder$$anon$1.apply(Action.scala:217) ~[play_2.10.jar:2.1.3]
	at play.api.mvc.Action$$anonfun$apply$1$$anonfun$apply$2$$anonfun$apply$5$$anonfun$apply$6.apply(Action.scala:109) ~[play_2.10.jar:2.1.3]
	at play.api.mvc.Action$$anonfun$apply$1$$anonfun$apply$2$$anonfun$apply$5$$anonfun$apply$6.apply(Action.scala:109) ~[play_2.10.jar:2.1.3]
	at play.utils.Threads$.withContextClassLoader(Threads.scala:18) ~[play_2.10.jar:2.1.3]
	at play.api.mvc.Action$$anonfun$apply$1$$anonfun$apply$2$$anonfun$apply$5.apply(Action.scala:108) ~[play_2.10.jar:2.1.3]
	at play.api.mvc.Action$$anonfun$apply$1$$anonfun$apply$2$$anonfun$apply$5.apply(Action.scala:106) ~[play_2.10.jar:2.1.3]
	at scala.Option.map(Option.scala:145) ~[scala-library.jar:na]
	at play.api.mvc.Action$$anonfun$apply$1$$anonfun$apply$2.apply(Action.scala:106) ~[play_2.10.jar:2.1.3]
	at play.api.mvc.Action$$anonfun$apply$1$$anonfun$apply$2.apply(Action.scala:99) ~[play_2.10.jar:2.1.3]
	at scala.concurrent.impl.Future$PromiseCompletingRunnable.liftedTree1$1(Future.scala:24) ~[scala-library.jar:na]
	at scala.concurrent.impl.Future$PromiseCompletingRunnable.run(Future.scala:24) ~[scala-library.jar:na]
	at akka.dispatch.TaskInvocation.run(AbstractDispatcher.scala:137) ~[akka-actor_2.10.jar:na]
	at scala.concurrent.forkjoin.ForkJoinTask$AdaptedRunnableAction.exec(ForkJoinTask.java:1417) ~[scala-library.jar:na]
	at scala.concurrent.forkjoin.ForkJoinTask.doExec(ForkJoinTask.java:262) ~[scala-library.jar:na]
	at scala.concurrent.forkjoin.ForkJoinPool$WorkQueue.runTask(ForkJoinPool.java:975) ~[scala-library.jar:na]
	at scala.concurrent.forkjoin.ForkJoinPool.runWorker(ForkJoinPool.java:1478) ~[scala-library.jar:na]
	at scala.concurrent.forkjoin.ForkJoinWorkerThread.run(ForkJoinWorkerThread.java:104) ~[scala-library.jar:na]

2013-08-20 09:33:29,356 - [ERROR] - from play in play-internal-execution-context-2 
Cannot invoke the action, eventually got an error: org.h2.jdbc.JdbcSQLException: Niezgodna ilosc kolumn
Column count does not match; SQL statement:
insert into computer values (             (select next value for computer_seq),            ?,?,?,?,?,?,?           ) [21002-168]

2013-08-20 09:33:29,364 - [ERROR] - from application in play-internal-execution-context-2 


! @6fbc897j1 - Internal server error, for (POST) [/computers] ->

play.api.Application$$anon$1: Execution exception[[JdbcSQLException: Niezgodna ilosc kolumn
Column count does not match; SQL statement:
insert into computer values (             (select next value for computer_seq),            ?,?,?,?,?,?,?           ) [21002-168]]]
	at play.api.Application$class.handleError(Application.scala:289) ~[play_2.10.jar:2.1.3]
	at play.api.DefaultApplication.handleError(Application.scala:383) ~[play_2.10.jar:2.1.3]
	at play.core.server.netty.PlayDefaultUpstreamHandler$$anonfun$handleAction$1$2$$anonfun$apply$21.apply(PlayDefaultUpstreamHandler.scala:415) ~[play_2.10.jar:2.1.3]
	at play.core.server.netty.PlayDefaultUpstreamHandler$$anonfun$handleAction$1$2$$anonfun$apply$21.apply(PlayDefaultUpstreamHandler.scala:415) ~[play_2.10.jar:2.1.3]
	at scala.Option.map(Option.scala:145) ~[scala-library.jar:na]
	at play.core.server.netty.PlayDefaultUpstreamHandler$$anonfun$handleAction$1$2.apply(PlayDefaultUpstreamHandler.scala:415) ~[play_2.10.jar:2.1.3]
	at play.core.server.netty.PlayDefaultUpstreamHandler$$anonfun$handleAction$1$2.apply(PlayDefaultUpstreamHandler.scala:410) ~[play_2.10.jar:2.1.3]
	at play.api.libs.concurrent.PlayPromise$$anonfun$extend1$1.apply(Promise.scala:113) ~[play_2.10.jar:2.1.3]
	at play.api.libs.concurrent.PlayPromise$$anonfun$extend1$1.apply(Promise.scala:113) ~[play_2.10.jar:2.1.3]
	at play.api.libs.concurrent.PlayPromise$$anonfun$extend$1$$anonfun$apply$1.apply(Promise.scala:104) ~[play_2.10.jar:2.1.3]
	at scala.concurrent.impl.Future$PromiseCompletingRunnable.liftedTree1$1(Future.scala:24) ~[scala-library.jar:na]
	at scala.concurrent.impl.Future$PromiseCompletingRunnable.run(Future.scala:24) ~[scala-library.jar:na]
	at java.util.concurrent.ThreadPoolExecutor.runWorker(ThreadPoolExecutor.java:1145) ~[na:1.7.0_25]
	at java.util.concurrent.ThreadPoolExecutor$Worker.run(ThreadPoolExecutor.java:615) ~[na:1.7.0_25]
	at java.lang.Thread.run(Thread.java:724) ~[na:1.7.0_25]
org.h2.jdbc.JdbcSQLException: Niezgodna ilosc kolumn
Column count does not match; SQL statement:
insert into computer values (             (select next value for computer_seq),            ?,?,?,?,?,?,?           ) [21002-168]
	at org.h2.message.DbException.getJdbcSQLException(DbException.java:329) ~[h2.jar:1.3.168]
	at org.h2.message.DbException.get(DbException.java:169) ~[h2.jar:1.3.168]
	at org.h2.message.DbException.get(DbException.java:146) ~[h2.jar:1.3.168]
	at org.h2.message.DbException.get(DbException.java:135) ~[h2.jar:1.3.168]
	at org.h2.command.dml.Insert.prepare(Insert.java:226) ~[h2.jar:1.3.168]
	at org.h2.command.Parser.prepareCommand(Parser.java:218) ~[h2.jar:1.3.168]
	at org.h2.engine.Session.prepareLocal(Session.java:415) ~[h2.jar:1.3.168]
	at org.h2.engine.Session.prepareCommand(Session.java:364) ~[h2.jar:1.3.168]
	at org.h2.jdbc.JdbcConnection.prepareCommand(JdbcConnection.java:1109) ~[h2.jar:1.3.168]
	at org.h2.jdbc.JdbcPreparedStatement.<init>(JdbcPreparedStatement.java:74) ~[h2.jar:1.3.168]
	at org.h2.jdbc.JdbcConnection.prepareStatement(JdbcConnection.java:264) ~[h2.jar:1.3.168]
	at com.jolbox.bonecp.ConnectionHandle.prepareStatement(ConnectionHandle.java:820) ~[bonecp.jar:0.7.1.RELEASE]
	at play.api.db.AutoCleanConnection$$anonfun$prepareStatement$1.apply(DB.scala:455) ~[play-jdbc_2.10.jar:2.1.3]
	at play.api.db.AutoCleanConnection$$anonfun$prepareStatement$1.apply(DB.scala:455) ~[play-jdbc_2.10.jar:2.1.3]
	at play.api.db.AutoCleanConnection.registering(DB.scala:440) ~[play-jdbc_2.10.jar:2.1.3]
	at play.api.db.AutoCleanConnection.prepareStatement(DB.scala:455) ~[play-jdbc_2.10.jar:2.1.3]
	at anorm.SimpleSql.getFilledStatement(Anorm.scala:389) ~[anorm_2.10.jar:2.1.3]
	at anorm.Sql$class.executeUpdate(Anorm.scala:471) ~[anorm_2.10.jar:2.1.3]
	at anorm.SimpleSql.executeUpdate(Anorm.scala:370) ~[anorm_2.10.jar:2.1.3]
	at models.Computer$$anonfun$insert$1.apply(Models.scala:148) ~[na:na]
	at models.Computer$$anonfun$insert$1.apply(Models.scala:133) ~[na:na]
	at play.api.db.DBApi$class.withConnection(DB.scala:82) ~[play-jdbc_2.10.jar:2.1.3]
	at play.api.db.BoneCPApi.withConnection(DB.scala:275) ~[play-jdbc_2.10.jar:2.1.3]
	at play.api.db.DB$$anonfun$withConnection$3.apply(DB.scala:161) ~[play-jdbc_2.10.jar:2.1.3]
	at play.api.db.DB$$anonfun$withConnection$3.apply(DB.scala:161) ~[play-jdbc_2.10.jar:2.1.3]
	at scala.Option.map(Option.scala:145) ~[scala-library.jar:na]
	at play.api.db.DB$.withConnection(DB.scala:161) ~[play-jdbc_2.10.jar:2.1.3]
	at models.Computer$.insert(Models.scala:133) ~[na:na]
	at controllers.Application$$anonfun$save$1$$anonfun$apply$6.apply(Application.scala:99) ~[na:na]
	at controllers.Application$$anonfun$save$1$$anonfun$apply$6.apply(Application.scala:98) ~[na:na]
	at play.api.data.Form$$anonfun$fold$1.apply(Form.scala:134) ~[play_2.10.jar:2.1.3]
	at scala.Option.map(Option.scala:145) ~[scala-library.jar:na]
	at play.api.data.Form.fold(Form.scala:134) ~[play_2.10.jar:2.1.3]
	at controllers.Application$$anonfun$save$1.apply(Application.scala:96) ~[na:na]
	at controllers.Application$$anonfun$save$1.apply(Application.scala:95) ~[na:na]
	at play.api.mvc.ActionBuilder$$anon$1.apply(Action.scala:217) ~[play_2.10.jar:2.1.3]
	at play.api.mvc.Action$$anonfun$apply$1$$anonfun$apply$2$$anonfun$apply$5$$anonfun$apply$6.apply(Action.scala:109) ~[play_2.10.jar:2.1.3]
	at play.api.mvc.Action$$anonfun$apply$1$$anonfun$apply$2$$anonfun$apply$5$$anonfun$apply$6.apply(Action.scala:109) ~[play_2.10.jar:2.1.3]
	at play.utils.Threads$.withContextClassLoader(Threads.scala:18) ~[play_2.10.jar:2.1.3]
	at play.api.mvc.Action$$anonfun$apply$1$$anonfun$apply$2$$anonfun$apply$5.apply(Action.scala:108) ~[play_2.10.jar:2.1.3]
	at play.api.mvc.Action$$anonfun$apply$1$$anonfun$apply$2$$anonfun$apply$5.apply(Action.scala:106) ~[play_2.10.jar:2.1.3]
	at scala.Option.map(Option.scala:145) ~[scala-library.jar:na]
	at play.api.mvc.Action$$anonfun$apply$1$$anonfun$apply$2.apply(Action.scala:106) ~[play_2.10.jar:2.1.3]
	at play.api.mvc.Action$$anonfun$apply$1$$anonfun$apply$2.apply(Action.scala:99) ~[play_2.10.jar:2.1.3]
	at scala.concurrent.impl.Future$PromiseCompletingRunnable.liftedTree1$1(Future.scala:24) ~[scala-library.jar:na]
	at scala.concurrent.impl.Future$PromiseCompletingRunnable.run(Future.scala:24) ~[scala-library.jar:na]
	at akka.dispatch.TaskInvocation.run(AbstractDispatcher.scala:137) ~[akka-actor_2.10.jar:na]
	at scala.concurrent.forkjoin.ForkJoinTask$AdaptedRunnableAction.exec(ForkJoinTask.java:1417) ~[scala-library.jar:na]
	at scala.concurrent.forkjoin.ForkJoinTask.doExec(ForkJoinTask.java:262) ~[scala-library.jar:na]
	at scala.concurrent.forkjoin.ForkJoinPool$WorkQueue.runTask(ForkJoinPool.java:975) ~[scala-library.jar:na]
	at scala.concurrent.forkjoin.ForkJoinPool.runWorker(ForkJoinPool.java:1478) ~[scala-library.jar:na]
	at scala.concurrent.forkjoin.ForkJoinWorkerThread.run(ForkJoinWorkerThread.java:104) ~[scala-library.jar:na]

2013-08-20 09:33:46,724 - [ERROR] - from play in play-internal-execution-context-1 
Cannot invoke the action, eventually got an error: org.h2.jdbc.JdbcSQLException: Niezgodna ilosc kolumn
Column count does not match; SQL statement:
insert into computer values (             (select next value for computer_seq),            ?,?,?,?,?,?,?           ) [21002-168]

2013-08-20 09:33:46,732 - [ERROR] - from application in play-internal-execution-context-1 


! @6fbc8a7b0 - Internal server error, for (POST) [/computers] ->

play.api.Application$$anon$1: Execution exception[[JdbcSQLException: Niezgodna ilosc kolumn
Column count does not match; SQL statement:
insert into computer values (             (select next value for computer_seq),            ?,?,?,?,?,?,?           ) [21002-168]]]
	at play.api.Application$class.handleError(Application.scala:289) ~[play_2.10.jar:2.1.3]
	at play.api.DefaultApplication.handleError(Application.scala:383) ~[play_2.10.jar:2.1.3]
	at play.core.server.netty.PlayDefaultUpstreamHandler$$anonfun$handleAction$1$2$$anonfun$apply$21.apply(PlayDefaultUpstreamHandler.scala:415) ~[play_2.10.jar:2.1.3]
	at play.core.server.netty.PlayDefaultUpstreamHandler$$anonfun$handleAction$1$2$$anonfun$apply$21.apply(PlayDefaultUpstreamHandler.scala:415) ~[play_2.10.jar:2.1.3]
	at scala.Option.map(Option.scala:145) ~[scala-library.jar:na]
	at play.core.server.netty.PlayDefaultUpstreamHandler$$anonfun$handleAction$1$2.apply(PlayDefaultUpstreamHandler.scala:415) ~[play_2.10.jar:2.1.3]
	at play.core.server.netty.PlayDefaultUpstreamHandler$$anonfun$handleAction$1$2.apply(PlayDefaultUpstreamHandler.scala:410) ~[play_2.10.jar:2.1.3]
	at play.api.libs.concurrent.PlayPromise$$anonfun$extend1$1.apply(Promise.scala:113) ~[play_2.10.jar:2.1.3]
	at play.api.libs.concurrent.PlayPromise$$anonfun$extend1$1.apply(Promise.scala:113) ~[play_2.10.jar:2.1.3]
	at play.api.libs.concurrent.PlayPromise$$anonfun$extend$1$$anonfun$apply$1.apply(Promise.scala:104) ~[play_2.10.jar:2.1.3]
	at scala.concurrent.impl.Future$PromiseCompletingRunnable.liftedTree1$1(Future.scala:24) ~[scala-library.jar:na]
	at scala.concurrent.impl.Future$PromiseCompletingRunnable.run(Future.scala:24) ~[scala-library.jar:na]
	at java.util.concurrent.ThreadPoolExecutor.runWorker(ThreadPoolExecutor.java:1145) ~[na:1.7.0_25]
	at java.util.concurrent.ThreadPoolExecutor$Worker.run(ThreadPoolExecutor.java:615) ~[na:1.7.0_25]
	at java.lang.Thread.run(Thread.java:724) ~[na:1.7.0_25]
org.h2.jdbc.JdbcSQLException: Niezgodna ilosc kolumn
Column count does not match; SQL statement:
insert into computer values (             (select next value for computer_seq),            ?,?,?,?,?,?,?           ) [21002-168]
	at org.h2.message.DbException.getJdbcSQLException(DbException.java:329) ~[h2.jar:1.3.168]
	at org.h2.message.DbException.get(DbException.java:169) ~[h2.jar:1.3.168]
	at org.h2.message.DbException.get(DbException.java:146) ~[h2.jar:1.3.168]
	at org.h2.message.DbException.get(DbException.java:135) ~[h2.jar:1.3.168]
	at org.h2.command.dml.Insert.prepare(Insert.java:226) ~[h2.jar:1.3.168]
	at org.h2.command.Parser.prepareCommand(Parser.java:218) ~[h2.jar:1.3.168]
	at org.h2.engine.Session.prepareLocal(Session.java:415) ~[h2.jar:1.3.168]
	at org.h2.engine.Session.prepareCommand(Session.java:364) ~[h2.jar:1.3.168]
	at org.h2.jdbc.JdbcConnection.prepareCommand(JdbcConnection.java:1109) ~[h2.jar:1.3.168]
	at org.h2.jdbc.JdbcPreparedStatement.<init>(JdbcPreparedStatement.java:74) ~[h2.jar:1.3.168]
	at org.h2.jdbc.JdbcConnection.prepareStatement(JdbcConnection.java:264) ~[h2.jar:1.3.168]
	at com.jolbox.bonecp.ConnectionHandle.prepareStatement(ConnectionHandle.java:820) ~[bonecp.jar:0.7.1.RELEASE]
	at play.api.db.AutoCleanConnection$$anonfun$prepareStatement$1.apply(DB.scala:455) ~[play-jdbc_2.10.jar:2.1.3]
	at play.api.db.AutoCleanConnection$$anonfun$prepareStatement$1.apply(DB.scala:455) ~[play-jdbc_2.10.jar:2.1.3]
	at play.api.db.AutoCleanConnection.registering(DB.scala:440) ~[play-jdbc_2.10.jar:2.1.3]
	at play.api.db.AutoCleanConnection.prepareStatement(DB.scala:455) ~[play-jdbc_2.10.jar:2.1.3]
	at anorm.SimpleSql.getFilledStatement(Anorm.scala:389) ~[anorm_2.10.jar:2.1.3]
	at anorm.Sql$class.executeUpdate(Anorm.scala:471) ~[anorm_2.10.jar:2.1.3]
	at anorm.SimpleSql.executeUpdate(Anorm.scala:370) ~[anorm_2.10.jar:2.1.3]
	at models.Computer$$anonfun$insert$1.apply(Models.scala:148) ~[na:na]
	at models.Computer$$anonfun$insert$1.apply(Models.scala:133) ~[na:na]
	at play.api.db.DBApi$class.withConnection(DB.scala:82) ~[play-jdbc_2.10.jar:2.1.3]
	at play.api.db.BoneCPApi.withConnection(DB.scala:275) ~[play-jdbc_2.10.jar:2.1.3]
	at play.api.db.DB$$anonfun$withConnection$3.apply(DB.scala:161) ~[play-jdbc_2.10.jar:2.1.3]
	at play.api.db.DB$$anonfun$withConnection$3.apply(DB.scala:161) ~[play-jdbc_2.10.jar:2.1.3]
	at scala.Option.map(Option.scala:145) ~[scala-library.jar:na]
	at play.api.db.DB$.withConnection(DB.scala:161) ~[play-jdbc_2.10.jar:2.1.3]
	at models.Computer$.insert(Models.scala:133) ~[na:na]
	at controllers.Application$$anonfun$save$1$$anonfun$apply$6.apply(Application.scala:99) ~[na:na]
	at controllers.Application$$anonfun$save$1$$anonfun$apply$6.apply(Application.scala:98) ~[na:na]
	at play.api.data.Form$$anonfun$fold$1.apply(Form.scala:134) ~[play_2.10.jar:2.1.3]
	at scala.Option.map(Option.scala:145) ~[scala-library.jar:na]
	at play.api.data.Form.fold(Form.scala:134) ~[play_2.10.jar:2.1.3]
	at controllers.Application$$anonfun$save$1.apply(Application.scala:96) ~[na:na]
	at controllers.Application$$anonfun$save$1.apply(Application.scala:95) ~[na:na]
	at play.api.mvc.ActionBuilder$$anon$1.apply(Action.scala:217) ~[play_2.10.jar:2.1.3]
	at play.api.mvc.Action$$anonfun$apply$1$$anonfun$apply$2$$anonfun$apply$5$$anonfun$apply$6.apply(Action.scala:109) ~[play_2.10.jar:2.1.3]
	at play.api.mvc.Action$$anonfun$apply$1$$anonfun$apply$2$$anonfun$apply$5$$anonfun$apply$6.apply(Action.scala:109) ~[play_2.10.jar:2.1.3]
	at play.utils.Threads$.withContextClassLoader(Threads.scala:18) ~[play_2.10.jar:2.1.3]
	at play.api.mvc.Action$$anonfun$apply$1$$anonfun$apply$2$$anonfun$apply$5.apply(Action.scala:108) ~[play_2.10.jar:2.1.3]
	at play.api.mvc.Action$$anonfun$apply$1$$anonfun$apply$2$$anonfun$apply$5.apply(Action.scala:106) ~[play_2.10.jar:2.1.3]
	at scala.Option.map(Option.scala:145) ~[scala-library.jar:na]
	at play.api.mvc.Action$$anonfun$apply$1$$anonfun$apply$2.apply(Action.scala:106) ~[play_2.10.jar:2.1.3]
	at play.api.mvc.Action$$anonfun$apply$1$$anonfun$apply$2.apply(Action.scala:99) ~[play_2.10.jar:2.1.3]
	at scala.concurrent.impl.Future$PromiseCompletingRunnable.liftedTree1$1(Future.scala:24) ~[scala-library.jar:na]
	at scala.concurrent.impl.Future$PromiseCompletingRunnable.run(Future.scala:24) ~[scala-library.jar:na]
	at akka.dispatch.TaskInvocation.run(AbstractDispatcher.scala:137) ~[akka-actor_2.10.jar:na]
	at scala.concurrent.forkjoin.ForkJoinTask$AdaptedRunnableAction.exec(ForkJoinTask.java:1417) ~[scala-library.jar:na]
	at scala.concurrent.forkjoin.ForkJoinTask.doExec(ForkJoinTask.java:262) ~[scala-library.jar:na]
	at scala.concurrent.forkjoin.ForkJoinPool$WorkQueue.runTask(ForkJoinPool.java:975) ~[scala-library.jar:na]
	at scala.concurrent.forkjoin.ForkJoinPool.runWorker(ForkJoinPool.java:1478) ~[scala-library.jar:na]
	at scala.concurrent.forkjoin.ForkJoinWorkerThread.run(ForkJoinWorkerThread.java:104) ~[scala-library.jar:na]

2013-08-20 09:35:49,960 - [ERROR] - from application in New I/O worker #2 


! @6fbc8h7id - Internal server error, for (GET) [/] ->

sbt.PlayExceptions$CompilationException: Compilation error[not found: value ignored]
	at sbt.PlayReloader$$anon$2$$anonfun$reload$2$$anonfun$apply$15$$anonfun$apply$16.apply(PlayReloader.scala:349) ~[na:na]
	at sbt.PlayReloader$$anon$2$$anonfun$reload$2$$anonfun$apply$15$$anonfun$apply$16.apply(PlayReloader.scala:349) ~[na:na]
	at scala.Option.map(Option.scala:133) ~[scala-library.jar:na]
	at sbt.PlayReloader$$anon$2$$anonfun$reload$2$$anonfun$apply$15.apply(PlayReloader.scala:349) ~[na:na]
	at sbt.PlayReloader$$anon$2$$anonfun$reload$2$$anonfun$apply$15.apply(PlayReloader.scala:346) ~[na:na]
	at scala.Option.map(Option.scala:133) ~[scala-library.jar:na]
	at sbt.PlayReloader$$anon$2$$anonfun$reload$2.apply(PlayReloader.scala:346) ~[na:na]
	at sbt.PlayReloader$$anon$2$$anonfun$reload$2.apply(PlayReloader.scala:344) ~[na:na]
	at scala.Either$LeftProjection.map(Either.scala:374) ~[na:na]
	at sbt.PlayReloader$$anon$2.reload(PlayReloader.scala:344) ~[na:na]
	at play.core.ReloadableApplication$$anonfun$get$1.apply(ApplicationProvider.scala:106) ~[play_2.10.jar:2.1.3]
	at play.core.ReloadableApplication$$anonfun$get$1.apply(ApplicationProvider.scala:104) ~[play_2.10.jar:2.1.3]
	at scala.concurrent.impl.Future$PromiseCompletingRunnable.liftedTree1$1(Future.scala:24) ~[scala-library.jar:na]
	at scala.concurrent.impl.Future$PromiseCompletingRunnable.run(Future.scala:24) ~[scala-library.jar:na]
	at java.util.concurrent.ThreadPoolExecutor.runWorker(ThreadPoolExecutor.java:1145) ~[na:1.7.0_25]
	at java.util.concurrent.ThreadPoolExecutor$Worker.run(ThreadPoolExecutor.java:615) ~[na:1.7.0_25]
	at java.lang.Thread.run(Thread.java:724) ~[na:1.7.0_25]

2013-08-20 09:37:43,051 - [INFO] - from play in play-internal-execution-context-1 
database [default] connected at jdbc:h2:mem:play

2013-08-20 09:37:43,070 - [INFO] - from play in play-internal-execution-context-1 
Application started (Dev)

2013-08-20 09:38:11,120 - [ERROR] - from play in play-internal-execution-context-2 
Cannot invoke the action, eventually got an error: org.h2.jdbc.JdbcSQLException: Niezgodna ilosc kolumn
Column count does not match; SQL statement:
insert into computer values (             (select next value for computer_seq),            ?,?,?,?,?,?,?           ) [21002-168]

2013-08-20 09:38:11,136 - [ERROR] - from application in play-internal-execution-context-2 


! @6fbc8p8e4 - Internal server error, for (POST) [/computers] ->

play.api.Application$$anon$1: Execution exception[[JdbcSQLException: Niezgodna ilosc kolumn
Column count does not match; SQL statement:
insert into computer values (             (select next value for computer_seq),            ?,?,?,?,?,?,?           ) [21002-168]]]
	at play.api.Application$class.handleError(Application.scala:289) ~[play_2.10.jar:2.1.3]
	at play.api.DefaultApplication.handleError(Application.scala:383) ~[play_2.10.jar:2.1.3]
	at play.core.server.netty.PlayDefaultUpstreamHandler$$anonfun$handleAction$1$2$$anonfun$apply$21.apply(PlayDefaultUpstreamHandler.scala:415) ~[play_2.10.jar:2.1.3]
	at play.core.server.netty.PlayDefaultUpstreamHandler$$anonfun$handleAction$1$2$$anonfun$apply$21.apply(PlayDefaultUpstreamHandler.scala:415) ~[play_2.10.jar:2.1.3]
	at scala.Option.map(Option.scala:145) ~[scala-library.jar:na]
	at play.core.server.netty.PlayDefaultUpstreamHandler$$anonfun$handleAction$1$2.apply(PlayDefaultUpstreamHandler.scala:415) ~[play_2.10.jar:2.1.3]
	at play.core.server.netty.PlayDefaultUpstreamHandler$$anonfun$handleAction$1$2.apply(PlayDefaultUpstreamHandler.scala:410) ~[play_2.10.jar:2.1.3]
	at play.api.libs.concurrent.PlayPromise$$anonfun$extend1$1.apply(Promise.scala:113) ~[play_2.10.jar:2.1.3]
	at play.api.libs.concurrent.PlayPromise$$anonfun$extend1$1.apply(Promise.scala:113) ~[play_2.10.jar:2.1.3]
	at play.api.libs.concurrent.PlayPromise$$anonfun$extend$1$$anonfun$apply$1.apply(Promise.scala:104) ~[play_2.10.jar:2.1.3]
	at scala.concurrent.impl.Future$PromiseCompletingRunnable.liftedTree1$1(Future.scala:24) ~[scala-library.jar:na]
	at scala.concurrent.impl.Future$PromiseCompletingRunnable.run(Future.scala:24) ~[scala-library.jar:na]
	at java.util.concurrent.ThreadPoolExecutor.runWorker(ThreadPoolExecutor.java:1145) ~[na:1.7.0_25]
	at java.util.concurrent.ThreadPoolExecutor$Worker.run(ThreadPoolExecutor.java:615) ~[na:1.7.0_25]
	at java.lang.Thread.run(Thread.java:724) ~[na:1.7.0_25]
org.h2.jdbc.JdbcSQLException: Niezgodna ilosc kolumn
Column count does not match; SQL statement:
insert into computer values (             (select next value for computer_seq),            ?,?,?,?,?,?,?           ) [21002-168]
	at org.h2.message.DbException.getJdbcSQLException(DbException.java:329) ~[h2.jar:1.3.168]
	at org.h2.message.DbException.get(DbException.java:169) ~[h2.jar:1.3.168]
	at org.h2.message.DbException.get(DbException.java:146) ~[h2.jar:1.3.168]
	at org.h2.message.DbException.get(DbException.java:135) ~[h2.jar:1.3.168]
	at org.h2.command.dml.Insert.prepare(Insert.java:226) ~[h2.jar:1.3.168]
	at org.h2.command.Parser.prepareCommand(Parser.java:218) ~[h2.jar:1.3.168]
	at org.h2.engine.Session.prepareLocal(Session.java:415) ~[h2.jar:1.3.168]
	at org.h2.engine.Session.prepareCommand(Session.java:364) ~[h2.jar:1.3.168]
	at org.h2.jdbc.JdbcConnection.prepareCommand(JdbcConnection.java:1109) ~[h2.jar:1.3.168]
	at org.h2.jdbc.JdbcPreparedStatement.<init>(JdbcPreparedStatement.java:74) ~[h2.jar:1.3.168]
	at org.h2.jdbc.JdbcConnection.prepareStatement(JdbcConnection.java:264) ~[h2.jar:1.3.168]
	at com.jolbox.bonecp.ConnectionHandle.prepareStatement(ConnectionHandle.java:820) ~[bonecp.jar:0.7.1.RELEASE]
	at play.api.db.AutoCleanConnection$$anonfun$prepareStatement$1.apply(DB.scala:455) ~[play-jdbc_2.10.jar:2.1.3]
	at play.api.db.AutoCleanConnection$$anonfun$prepareStatement$1.apply(DB.scala:455) ~[play-jdbc_2.10.jar:2.1.3]
	at play.api.db.AutoCleanConnection.registering(DB.scala:440) ~[play-jdbc_2.10.jar:2.1.3]
	at play.api.db.AutoCleanConnection.prepareStatement(DB.scala:455) ~[play-jdbc_2.10.jar:2.1.3]
	at anorm.SimpleSql.getFilledStatement(Anorm.scala:389) ~[anorm_2.10.jar:2.1.3]
	at anorm.Sql$class.executeUpdate(Anorm.scala:471) ~[anorm_2.10.jar:2.1.3]
	at anorm.SimpleSql.executeUpdate(Anorm.scala:370) ~[anorm_2.10.jar:2.1.3]
	at models.Computer$$anonfun$insert$1.apply(Models.scala:149) ~[na:na]
	at models.Computer$$anonfun$insert$1.apply(Models.scala:133) ~[na:na]
	at play.api.db.DBApi$class.withConnection(DB.scala:82) ~[play-jdbc_2.10.jar:2.1.3]
	at play.api.db.BoneCPApi.withConnection(DB.scala:275) ~[play-jdbc_2.10.jar:2.1.3]
	at play.api.db.DB$$anonfun$withConnection$3.apply(DB.scala:161) ~[play-jdbc_2.10.jar:2.1.3]
	at play.api.db.DB$$anonfun$withConnection$3.apply(DB.scala:161) ~[play-jdbc_2.10.jar:2.1.3]
	at scala.Option.map(Option.scala:145) ~[scala-library.jar:na]
	at play.api.db.DB$.withConnection(DB.scala:161) ~[play-jdbc_2.10.jar:2.1.3]
	at models.Computer$.insert(Models.scala:133) ~[na:na]
	at controllers.Application$$anonfun$save$1$$anonfun$apply$6.apply(Application.scala:99) ~[na:na]
	at controllers.Application$$anonfun$save$1$$anonfun$apply$6.apply(Application.scala:98) ~[na:na]
	at play.api.data.Form$$anonfun$fold$1.apply(Form.scala:134) ~[play_2.10.jar:2.1.3]
	at scala.Option.map(Option.scala:145) ~[scala-library.jar:na]
	at play.api.data.Form.fold(Form.scala:134) ~[play_2.10.jar:2.1.3]
	at controllers.Application$$anonfun$save$1.apply(Application.scala:96) ~[na:na]
	at controllers.Application$$anonfun$save$1.apply(Application.scala:95) ~[na:na]
	at play.api.mvc.ActionBuilder$$anon$1.apply(Action.scala:217) ~[play_2.10.jar:2.1.3]
	at play.api.mvc.Action$$anonfun$apply$1$$anonfun$apply$2$$anonfun$apply$5$$anonfun$apply$6.apply(Action.scala:109) ~[play_2.10.jar:2.1.3]
	at play.api.mvc.Action$$anonfun$apply$1$$anonfun$apply$2$$anonfun$apply$5$$anonfun$apply$6.apply(Action.scala:109) ~[play_2.10.jar:2.1.3]
	at play.utils.Threads$.withContextClassLoader(Threads.scala:18) ~[play_2.10.jar:2.1.3]
	at play.api.mvc.Action$$anonfun$apply$1$$anonfun$apply$2$$anonfun$apply$5.apply(Action.scala:108) ~[play_2.10.jar:2.1.3]
	at play.api.mvc.Action$$anonfun$apply$1$$anonfun$apply$2$$anonfun$apply$5.apply(Action.scala:106) ~[play_2.10.jar:2.1.3]
	at scala.Option.map(Option.scala:145) ~[scala-library.jar:na]
	at play.api.mvc.Action$$anonfun$apply$1$$anonfun$apply$2.apply(Action.scala:106) ~[play_2.10.jar:2.1.3]
	at play.api.mvc.Action$$anonfun$apply$1$$anonfun$apply$2.apply(Action.scala:99) ~[play_2.10.jar:2.1.3]
	at scala.concurrent.impl.Future$PromiseCompletingRunnable.liftedTree1$1(Future.scala:24) ~[scala-library.jar:na]
	at scala.concurrent.impl.Future$PromiseCompletingRunnable.run(Future.scala:24) ~[scala-library.jar:na]
	at akka.dispatch.TaskInvocation.run(AbstractDispatcher.scala:137) ~[akka-actor_2.10.jar:na]
	at scala.concurrent.forkjoin.ForkJoinTask$AdaptedRunnableAction.exec(ForkJoinTask.java:1417) ~[scala-library.jar:na]
	at scala.concurrent.forkjoin.ForkJoinTask.doExec(ForkJoinTask.java:262) ~[scala-library.jar:na]
	at scala.concurrent.forkjoin.ForkJoinPool$WorkQueue.runTask(ForkJoinPool.java:975) ~[scala-library.jar:na]
	at scala.concurrent.forkjoin.ForkJoinPool.runWorker(ForkJoinPool.java:1478) ~[scala-library.jar:na]
	at scala.concurrent.forkjoin.ForkJoinWorkerThread.run(ForkJoinWorkerThread.java:104) ~[scala-library.jar:na]

2013-08-20 09:41:03,988 - [ERROR] - from application in New I/O worker #2 


! @6fbc99468 - Internal server error, for (POST) [/computers] ->

sbt.PlayExceptions$CompilationException: Compilation error[not found: value ignored]
	at sbt.PlayReloader$$anon$2$$anonfun$reload$2$$anonfun$apply$15$$anonfun$apply$16.apply(PlayReloader.scala:349) ~[na:na]
	at sbt.PlayReloader$$anon$2$$anonfun$reload$2$$anonfun$apply$15$$anonfun$apply$16.apply(PlayReloader.scala:349) ~[na:na]
	at scala.Option.map(Option.scala:133) ~[scala-library.jar:na]
	at sbt.PlayReloader$$anon$2$$anonfun$reload$2$$anonfun$apply$15.apply(PlayReloader.scala:349) ~[na:na]
	at sbt.PlayReloader$$anon$2$$anonfun$reload$2$$anonfun$apply$15.apply(PlayReloader.scala:346) ~[na:na]
	at scala.Option.map(Option.scala:133) ~[scala-library.jar:na]
	at sbt.PlayReloader$$anon$2$$anonfun$reload$2.apply(PlayReloader.scala:346) ~[na:na]
	at sbt.PlayReloader$$anon$2$$anonfun$reload$2.apply(PlayReloader.scala:344) ~[na:na]
	at scala.Either$LeftProjection.map(Either.scala:374) ~[na:na]
	at sbt.PlayReloader$$anon$2.reload(PlayReloader.scala:344) ~[na:na]
	at play.core.ReloadableApplication$$anonfun$get$1.apply(ApplicationProvider.scala:106) ~[play_2.10.jar:2.1.3]
	at play.core.ReloadableApplication$$anonfun$get$1.apply(ApplicationProvider.scala:104) ~[play_2.10.jar:2.1.3]
	at scala.concurrent.impl.Future$PromiseCompletingRunnable.liftedTree1$1(Future.scala:24) ~[scala-library.jar:na]
	at scala.concurrent.impl.Future$PromiseCompletingRunnable.run(Future.scala:24) ~[scala-library.jar:na]
	at java.util.concurrent.ThreadPoolExecutor.runWorker(ThreadPoolExecutor.java:1145) ~[na:1.7.0_25]
	at java.util.concurrent.ThreadPoolExecutor$Worker.run(ThreadPoolExecutor.java:615) ~[na:1.7.0_25]
	at java.lang.Thread.run(Thread.java:724) ~[na:1.7.0_25]

2013-08-20 09:42:55,830 - [INFO] - from play in play-internal-execution-context-2 
database [default] connected at jdbc:h2:mem:play

2013-08-20 09:42:55,848 - [INFO] - from play in play-internal-execution-context-2 
Application started (Dev)

2013-08-20 09:42:55,889 - [ERROR] - from play in play-internal-execution-context-2 
Cannot invoke the action, eventually got an error: java.util.NoSuchElementException: key not found: opinia

2013-08-20 09:42:55,898 - [ERROR] - from application in play-internal-execution-context-2 


! @6fbc9fdkl - Internal server error, for (POST) [/computers] ->

play.api.Application$$anon$1: Execution exception[[NoSuchElementException: key not found: opinia]]
	at play.api.Application$class.handleError(Application.scala:289) ~[play_2.10.jar:2.1.3]
	at play.api.DefaultApplication.handleError(Application.scala:383) ~[play_2.10.jar:2.1.3]
	at play.core.server.netty.PlayDefaultUpstreamHandler$$anonfun$handleAction$1$2$$anonfun$apply$21.apply(PlayDefaultUpstreamHandler.scala:415) ~[play_2.10.jar:2.1.3]
	at play.core.server.netty.PlayDefaultUpstreamHandler$$anonfun$handleAction$1$2$$anonfun$apply$21.apply(PlayDefaultUpstreamHandler.scala:415) ~[play_2.10.jar:2.1.3]
	at scala.Option.map(Option.scala:145) ~[scala-library.jar:na]
	at play.core.server.netty.PlayDefaultUpstreamHandler$$anonfun$handleAction$1$2.apply(PlayDefaultUpstreamHandler.scala:415) ~[play_2.10.jar:2.1.3]
	at play.core.server.netty.PlayDefaultUpstreamHandler$$anonfun$handleAction$1$2.apply(PlayDefaultUpstreamHandler.scala:410) ~[play_2.10.jar:2.1.3]
	at play.api.libs.concurrent.PlayPromise$$anonfun$extend1$1.apply(Promise.scala:113) ~[play_2.10.jar:2.1.3]
	at play.api.libs.concurrent.PlayPromise$$anonfun$extend1$1.apply(Promise.scala:113) ~[play_2.10.jar:2.1.3]
	at play.api.libs.concurrent.PlayPromise$$anonfun$extend$1$$anonfun$apply$1.apply(Promise.scala:104) ~[play_2.10.jar:2.1.3]
	at scala.concurrent.impl.Future$PromiseCompletingRunnable.liftedTree1$1(Future.scala:24) ~[scala-library.jar:na]
	at scala.concurrent.impl.Future$PromiseCompletingRunnable.run(Future.scala:24) ~[scala-library.jar:na]
	at java.util.concurrent.ThreadPoolExecutor.runWorker(ThreadPoolExecutor.java:1145) ~[na:1.7.0_25]
	at java.util.concurrent.ThreadPoolExecutor$Worker.run(ThreadPoolExecutor.java:615) ~[na:1.7.0_25]
	at java.lang.Thread.run(Thread.java:724) ~[na:1.7.0_25]
java.util.NoSuchElementException: key not found: opinia
	at scala.collection.MapLike$class.default(MapLike.scala:228) ~[scala-library.jar:na]
	at scala.collection.AbstractMap.default(Map.scala:58) ~[scala-library.jar:na]
	at scala.collection.MapLike$class.apply(MapLike.scala:141) ~[scala-library.jar:na]
	at scala.collection.AbstractMap.apply(Map.scala:58) ~[scala-library.jar:na]
	at scala.collection.TraversableLike$$anonfun$map$1.apply(TraversableLike.scala:244) ~[scala-library.jar:na]
	at scala.collection.TraversableLike$$anonfun$map$1.apply(TraversableLike.scala:244) ~[scala-library.jar:na]
	at scala.collection.immutable.List.foreach(List.scala:309) ~[scala-library.jar:na]
	at scala.collection.TraversableLike$class.map(TraversableLike.scala:244) ~[scala-library.jar:na]
	at scala.collection.AbstractTraversable.map(Traversable.scala:105) ~[scala-library.jar:na]
	at anorm.SimpleSql.getFilledStatement(Anorm.scala:394) ~[anorm_2.10.jar:2.1.3]
	at anorm.Sql$class.executeUpdate(Anorm.scala:471) ~[anorm_2.10.jar:2.1.3]
	at anorm.SimpleSql.executeUpdate(Anorm.scala:370) ~[anorm_2.10.jar:2.1.3]
	at models.Computer$$anonfun$insert$1.apply(Models.scala:148) ~[na:na]
	at models.Computer$$anonfun$insert$1.apply(Models.scala:133) ~[na:na]
	at play.api.db.DBApi$class.withConnection(DB.scala:82) ~[play-jdbc_2.10.jar:2.1.3]
	at play.api.db.BoneCPApi.withConnection(DB.scala:275) ~[play-jdbc_2.10.jar:2.1.3]
	at play.api.db.DB$$anonfun$withConnection$3.apply(DB.scala:161) ~[play-jdbc_2.10.jar:2.1.3]
	at play.api.db.DB$$anonfun$withConnection$3.apply(DB.scala:161) ~[play-jdbc_2.10.jar:2.1.3]
	at scala.Option.map(Option.scala:145) ~[scala-library.jar:na]
	at play.api.db.DB$.withConnection(DB.scala:161) ~[play-jdbc_2.10.jar:2.1.3]
	at models.Computer$.insert(Models.scala:133) ~[na:na]
	at controllers.Application$$anonfun$save$1$$anonfun$apply$6.apply(Application.scala:99) ~[na:na]
	at controllers.Application$$anonfun$save$1$$anonfun$apply$6.apply(Application.scala:98) ~[na:na]
	at play.api.data.Form$$anonfun$fold$1.apply(Form.scala:134) ~[play_2.10.jar:2.1.3]
	at scala.Option.map(Option.scala:145) ~[scala-library.jar:na]
	at play.api.data.Form.fold(Form.scala:134) ~[play_2.10.jar:2.1.3]
	at controllers.Application$$anonfun$save$1.apply(Application.scala:96) ~[na:na]
	at controllers.Application$$anonfun$save$1.apply(Application.scala:95) ~[na:na]
	at play.api.mvc.ActionBuilder$$anon$1.apply(Action.scala:217) ~[play_2.10.jar:2.1.3]
	at play.api.mvc.Action$$anonfun$apply$1$$anonfun$apply$2$$anonfun$apply$5$$anonfun$apply$6.apply(Action.scala:109) ~[play_2.10.jar:2.1.3]
	at play.api.mvc.Action$$anonfun$apply$1$$anonfun$apply$2$$anonfun$apply$5$$anonfun$apply$6.apply(Action.scala:109) ~[play_2.10.jar:2.1.3]
	at play.utils.Threads$.withContextClassLoader(Threads.scala:18) ~[play_2.10.jar:2.1.3]
	at play.api.mvc.Action$$anonfun$apply$1$$anonfun$apply$2$$anonfun$apply$5.apply(Action.scala:108) ~[play_2.10.jar:2.1.3]
	at play.api.mvc.Action$$anonfun$apply$1$$anonfun$apply$2$$anonfun$apply$5.apply(Action.scala:106) ~[play_2.10.jar:2.1.3]
	at scala.Option.map(Option.scala:145) ~[scala-library.jar:na]
	at play.api.mvc.Action$$anonfun$apply$1$$anonfun$apply$2.apply(Action.scala:106) ~[play_2.10.jar:2.1.3]
	at play.api.mvc.Action$$anonfun$apply$1$$anonfun$apply$2.apply(Action.scala:99) ~[play_2.10.jar:2.1.3]
	at scala.concurrent.impl.Future$PromiseCompletingRunnable.liftedTree1$1(Future.scala:24) ~[scala-library.jar:na]
	at scala.concurrent.impl.Future$PromiseCompletingRunnable.run(Future.scala:24) ~[scala-library.jar:na]
	at akka.dispatch.TaskInvocation.run(AbstractDispatcher.scala:137) ~[akka-actor_2.10.jar:na]
	at scala.concurrent.forkjoin.ForkJoinTask$AdaptedRunnableAction.exec(ForkJoinTask.java:1417) ~[scala-library.jar:na]
	at scala.concurrent.forkjoin.ForkJoinTask.doExec(ForkJoinTask.java:262) ~[scala-library.jar:na]
	at scala.concurrent.forkjoin.ForkJoinPool$WorkQueue.runTask(ForkJoinPool.java:975) ~[scala-library.jar:na]
	at scala.concurrent.forkjoin.ForkJoinPool.runWorker(ForkJoinPool.java:1478) ~[scala-library.jar:na]
	at scala.concurrent.forkjoin.ForkJoinWorkerThread.run(ForkJoinWorkerThread.java:104) ~[scala-library.jar:na]

2013-08-20 09:43:34,597 - [INFO] - from play in play-internal-execution-context-1 
database [default] connected at jdbc:h2:mem:play

2013-08-20 09:43:34,638 - [INFO] - from play in play-internal-execution-context-1 
Application started (Dev)

2013-08-20 09:48:03,340 - [INFO] - from play in play-internal-execution-context-2 
database [default] connected at jdbc:h2:mem:play

2013-08-20 09:48:03,358 - [INFO] - from play in play-internal-execution-context-2 
Application started (Dev)

2013-08-20 09:48:09,440 - [ERROR] - from play in play-internal-execution-context-2 
Cannot invoke the action, eventually got an error: java.util.NoSuchElementException: key not found: opinia

2013-08-20 09:48:09,447 - [ERROR] - from application in play-internal-execution-context-2 


! @6fbca79g9 - Internal server error, for (POST) [/computers/1001] ->

play.api.Application$$anon$1: Execution exception[[NoSuchElementException: key not found: opinia]]
	at play.api.Application$class.handleError(Application.scala:289) ~[play_2.10.jar:2.1.3]
	at play.api.DefaultApplication.handleError(Application.scala:383) ~[play_2.10.jar:2.1.3]
	at play.core.server.netty.PlayDefaultUpstreamHandler$$anonfun$handleAction$1$2$$anonfun$apply$21.apply(PlayDefaultUpstreamHandler.scala:415) ~[play_2.10.jar:2.1.3]
	at play.core.server.netty.PlayDefaultUpstreamHandler$$anonfun$handleAction$1$2$$anonfun$apply$21.apply(PlayDefaultUpstreamHandler.scala:415) ~[play_2.10.jar:2.1.3]
	at scala.Option.map(Option.scala:145) ~[scala-library.jar:na]
	at play.core.server.netty.PlayDefaultUpstreamHandler$$anonfun$handleAction$1$2.apply(PlayDefaultUpstreamHandler.scala:415) ~[play_2.10.jar:2.1.3]
	at play.core.server.netty.PlayDefaultUpstreamHandler$$anonfun$handleAction$1$2.apply(PlayDefaultUpstreamHandler.scala:410) ~[play_2.10.jar:2.1.3]
	at play.api.libs.concurrent.PlayPromise$$anonfun$extend1$1.apply(Promise.scala:113) ~[play_2.10.jar:2.1.3]
	at play.api.libs.concurrent.PlayPromise$$anonfun$extend1$1.apply(Promise.scala:113) ~[play_2.10.jar:2.1.3]
	at play.api.libs.concurrent.PlayPromise$$anonfun$extend$1$$anonfun$apply$1.apply(Promise.scala:104) ~[play_2.10.jar:2.1.3]
	at scala.concurrent.impl.Future$PromiseCompletingRunnable.liftedTree1$1(Future.scala:24) ~[scala-library.jar:na]
	at scala.concurrent.impl.Future$PromiseCompletingRunnable.run(Future.scala:24) ~[scala-library.jar:na]
	at java.util.concurrent.ThreadPoolExecutor.runWorker(ThreadPoolExecutor.java:1145) ~[na:1.7.0_25]
	at java.util.concurrent.ThreadPoolExecutor$Worker.run(ThreadPoolExecutor.java:615) ~[na:1.7.0_25]
	at java.lang.Thread.run(Thread.java:724) ~[na:1.7.0_25]
java.util.NoSuchElementException: key not found: opinia
	at scala.collection.MapLike$class.default(MapLike.scala:228) ~[scala-library.jar:na]
	at scala.collection.AbstractMap.default(Map.scala:58) ~[scala-library.jar:na]
	at scala.collection.MapLike$class.apply(MapLike.scala:141) ~[scala-library.jar:na]
	at scala.collection.AbstractMap.apply(Map.scala:58) ~[scala-library.jar:na]
	at scala.collection.TraversableLike$$anonfun$map$1.apply(TraversableLike.scala:244) ~[scala-library.jar:na]
	at scala.collection.TraversableLike$$anonfun$map$1.apply(TraversableLike.scala:244) ~[scala-library.jar:na]
	at scala.collection.immutable.List.foreach(List.scala:309) ~[scala-library.jar:na]
	at scala.collection.TraversableLike$class.map(TraversableLike.scala:244) ~[scala-library.jar:na]
	at scala.collection.AbstractTraversable.map(Traversable.scala:105) ~[scala-library.jar:na]
	at anorm.SimpleSql.getFilledStatement(Anorm.scala:394) ~[anorm_2.10.jar:2.1.3]
	at anorm.Sql$class.executeUpdate(Anorm.scala:471) ~[anorm_2.10.jar:2.1.3]
	at anorm.SimpleSql.executeUpdate(Anorm.scala:370) ~[anorm_2.10.jar:2.1.3]
	at models.Computer$$anonfun$update$1.apply(Models.scala:123) ~[na:na]
	at models.Computer$$anonfun$update$1.apply(Models.scala:108) ~[na:na]
	at play.api.db.DBApi$class.withConnection(DB.scala:82) ~[play-jdbc_2.10.jar:2.1.3]
	at play.api.db.BoneCPApi.withConnection(DB.scala:275) ~[play-jdbc_2.10.jar:2.1.3]
	at play.api.db.DB$$anonfun$withConnection$3.apply(DB.scala:161) ~[play-jdbc_2.10.jar:2.1.3]
	at play.api.db.DB$$anonfun$withConnection$3.apply(DB.scala:161) ~[play-jdbc_2.10.jar:2.1.3]
	at scala.Option.map(Option.scala:145) ~[scala-library.jar:na]
	at play.api.db.DB$.withConnection(DB.scala:161) ~[play-jdbc_2.10.jar:2.1.3]
	at models.Computer$.update(Models.scala:108) ~[na:na]
	at controllers.Application$$anonfun$update$1$$anonfun$apply$4.apply(Application.scala:79) ~[na:na]
	at controllers.Application$$anonfun$update$1$$anonfun$apply$4.apply(Application.scala:78) ~[na:na]
	at play.api.data.Form$$anonfun$fold$1.apply(Form.scala:134) ~[play_2.10.jar:2.1.3]
	at scala.Option.map(Option.scala:145) ~[scala-library.jar:na]
	at play.api.data.Form.fold(Form.scala:134) ~[play_2.10.jar:2.1.3]
	at controllers.Application$$anonfun$update$1.apply(Application.scala:76) ~[na:na]
	at controllers.Application$$anonfun$update$1.apply(Application.scala:75) ~[na:na]
	at play.api.mvc.ActionBuilder$$anon$1.apply(Action.scala:217) ~[play_2.10.jar:2.1.3]
	at play.api.mvc.Action$$anonfun$apply$1$$anonfun$apply$2$$anonfun$apply$5$$anonfun$apply$6.apply(Action.scala:109) ~[play_2.10.jar:2.1.3]
	at play.api.mvc.Action$$anonfun$apply$1$$anonfun$apply$2$$anonfun$apply$5$$anonfun$apply$6.apply(Action.scala:109) ~[play_2.10.jar:2.1.3]
	at play.utils.Threads$.withContextClassLoader(Threads.scala:18) ~[play_2.10.jar:2.1.3]
	at play.api.mvc.Action$$anonfun$apply$1$$anonfun$apply$2$$anonfun$apply$5.apply(Action.scala:108) ~[play_2.10.jar:2.1.3]
	at play.api.mvc.Action$$anonfun$apply$1$$anonfun$apply$2$$anonfun$apply$5.apply(Action.scala:106) ~[play_2.10.jar:2.1.3]
	at scala.Option.map(Option.scala:145) ~[scala-library.jar:na]
	at play.api.mvc.Action$$anonfun$apply$1$$anonfun$apply$2.apply(Action.scala:106) ~[play_2.10.jar:2.1.3]
	at play.api.mvc.Action$$anonfun$apply$1$$anonfun$apply$2.apply(Action.scala:99) ~[play_2.10.jar:2.1.3]
	at scala.concurrent.impl.Future$PromiseCompletingRunnable.liftedTree1$1(Future.scala:24) ~[scala-library.jar:na]
	at scala.concurrent.impl.Future$PromiseCompletingRunnable.run(Future.scala:24) ~[scala-library.jar:na]
	at akka.dispatch.TaskInvocation.run(AbstractDispatcher.scala:137) ~[akka-actor_2.10.jar:na]
	at scala.concurrent.forkjoin.ForkJoinTask$AdaptedRunnableAction.exec(ForkJoinTask.java:1417) ~[scala-library.jar:na]
	at scala.concurrent.forkjoin.ForkJoinTask.doExec(ForkJoinTask.java:262) ~[scala-library.jar:na]
	at scala.concurrent.forkjoin.ForkJoinPool$WorkQueue.runTask(ForkJoinPool.java:975) ~[scala-library.jar:na]
	at scala.concurrent.forkjoin.ForkJoinPool.runWorker(ForkJoinPool.java:1478) ~[scala-library.jar:na]
	at scala.concurrent.forkjoin.ForkJoinWorkerThread.run(ForkJoinWorkerThread.java:104) ~[scala-library.jar:na]

2013-08-20 09:48:31,739 - [INFO] - from play in play-internal-execution-context-2 
database [default] connected at jdbc:h2:mem:play

2013-08-20 09:48:31,755 - [INFO] - from play in play-internal-execution-context-2 
Application started (Dev)

2013-08-20 09:49:11,841 - [INFO] - from play in play-internal-execution-context-2 
database [default] connected at jdbc:h2:mem:play

2013-08-20 09:49:11,855 - [INFO] - from play in play-internal-execution-context-2 
Application started (Dev)

2013-08-20 09:49:42,179 - [INFO] - from play in play-internal-execution-context-2 
database [default] connected at jdbc:h2:mem:play

2013-08-20 09:49:42,196 - [INFO] - from play in play-internal-execution-context-2 
Application started (Dev)

2013-08-20 09:52:55,734 - [INFO] - from play in play-internal-execution-context-2 
database [default] connected at jdbc:h2:mem:play

2013-08-20 09:52:55,765 - [INFO] - from play in play-internal-execution-context-2 
Application started (Dev)

2013-08-20 09:53:51,811 - [INFO] - from play in play-internal-execution-context-1 
database [default] connected at jdbc:h2:mem:play

2013-08-20 09:53:51,826 - [INFO] - from play in play-internal-execution-context-1 
Application started (Dev)

2013-08-20 09:54:10,372 - [INFO] - from play in play-internal-execution-context-2 
database [default] connected at jdbc:h2:mem:play

2013-08-20 09:54:10,389 - [INFO] - from play in play-internal-execution-context-2 
Application started (Dev)

2013-08-20 09:54:34,977 - [INFO] - from play in play-internal-execution-context-2 
database [default] connected at jdbc:h2:mem:play

2013-08-20 09:54:34,992 - [INFO] - from play in play-internal-execution-context-2 
Application started (Dev)

